<?xml version="1.0" encoding="UTF-8"?>
<testsuite xmlns:xsi="http://www.w3.org/2001/XMLSchema-instance" xsi:noNamespaceSchemaLocation="https://maven.apache.org/surefire/maven-surefire-plugin/xsd/surefire-test-report.xsd" name="org.example.AppTest" time="0.018" tests="1" errors="0" skipped="0" failures="0">
  <properties>
    <property name="sun.desktop" value="windows"/>
    <property name="awt.toolkit" value="sun.awt.windows.WToolkit"/>
    <property name="file.encoding.pkg" value="sun.io"/>
    <property name="java.specification.version" value="1.8"/>
    <property name="sun.cpu.isalist" value="amd64"/>
    <property name="sun.jnu.encoding" value="GBK"/>
    <property name="java.class.path" value="D:\IDEA\Workplace\mavendemo2\mavendemo2\target\test-classes;D:\IDEA\Workplace\mavendemo2\mavendemo2\target\classes;C:\Users\Long\.m2\repository\junit\junit\4.11\junit-4.11.jar;C:\Users\Long\.m2\repository\org\hamcrest\hamcrest-core\1.3\hamcrest-core-1.3.jar;"/>
    <property name="java.vm.vendor" value="Oracle Corporation"/>
    <property name="sun.arch.data.model" value="64"/>
    <property name="user.variant" value=""/>
    <property name="java.vendor.url" value="http://java.oracle.com/"/>
    <property name="user.timezone" value="Asia/Shanghai"/>
    <property name="java.vm.specification.version" value="1.8"/>
    <property name="os.name" value="Windows 10"/>
    <property name="user.country" value="CN"/>
    <property name="sun.java.launcher" value="SUN_STANDARD"/>
    <property name="sun.boot.library.path" value="D:\JDK\JDK1.8\jre\bin"/>
    <property name="sun.java.command" value="C:\Users\Long\AppData\Local\Temp\surefire1381726322672539168\surefirebooter8405648942654279470.jar C:\Users\Long\AppData\Local\Temp\surefire1381726322672539168 2023-10-10T12-10-35_848-jvmRun1 surefire7313353657075841802tmp surefire_03972944606667780993tmp"/>
    <property name="surefire.test.class.path" value="D:\IDEA\Workplace\mavendemo2\mavendemo2\target\test-classes;D:\IDEA\Workplace\mavendemo2\mavendemo2\target\classes;C:\Users\Long\.m2\repository\junit\junit\4.11\junit-4.11.jar;C:\Users\Long\.m2\repository\org\hamcrest\hamcrest-core\1.3\hamcrest-core-1.3.jar;"/>
    <property name="sun.cpu.endian" value="little"/>
    <property name="user.home" value="C:\Users\Long"/>
    <property name="user.language" value="zh"/>
    <property name="java.specification.vendor" value="Oracle Corporation"/>
    <property name="java.home" value="D:\JDK\JDK1.8\jre"/>
    <property name="basedir" value="D:\IDEA\Workplace\mavendemo2\mavendemo2"/>
    <property name="file.separator" value="\"/>
    <property name="line.separator" value="&#10;"/>
    <property name="java.vm.specification.vendor" value="Oracle Corporation"/>
    <property name="java.specification.name" value="Java Platform API Specification"/>
    <property name="java.awt.graphicsenv" value="sun.awt.Win32GraphicsEnvironment"/>
    <property name="surefire.real.class.path" value="C:\Users\Long\AppData\Local\Temp\surefire1381726322672539168\surefirebooter8405648942654279470.jar"/>
    <property name="sun.boot.class.path" value="D:\JDK\JDK1.8\jre\lib\resources.jar;D:\JDK\JDK1.8\jre\lib\rt.jar;D:\JDK\JDK1.8\jre\lib\sunrsasign.jar;D:\JDK\JDK1.8\jre\lib\jsse.jar;D:\JDK\JDK1.8\jre\lib\jce.jar;D:\JDK\JDK1.8\jre\lib\charsets.jar;D:\JDK\JDK1.8\jre\lib\jfr.jar;D:\JDK\JDK1.8\jre\classes"/>
    <property name="user.script" value=""/>
    <property name="sun.management.compiler" value="HotSpot 64-Bit Tiered Compilers"/>
    <property name="java.runtime.version" value="1.8.0_281-b09"/>
    <property name="user.name" value="Long"/>
    <property name="path.separator" value=";"/>
    <property name="os.version" value="10.0"/>
    <property name="java.endorsed.dirs" value="D:\JDK\JDK1.8\jre\lib\endorsed"/>
    <property name="java.runtime.name" value="Java(TM) SE Runtime Environment"/>
    <property name="file.encoding" value="GBK"/>
    <property name="java.vm.name" value="Java HotSpot(TM) 64-Bit Server VM"/>
    <property name="localRepository" value="C:\Users\Long\.m2\repository"/>
    <property name="java.vendor.url.bug" value="http://bugreport.sun.com/bugreport/"/>
    <property name="java.io.tmpdir" value="C:\Users\Long\AppData\Local\Temp\"/>
    <property name="idea.version" value="2022.1.4"/>
    <property name="java.version" value="1.8.0_281"/>
    <property name="user.dir" value="D:\IDEA\Workplace\mavendemo2\mavendemo2"/>
    <property name="os.arch" value="amd64"/>
    <property name="java.vm.specification.name" value="Java Virtual Machine Specification"/>
    <property name="java.awt.printerjob" value="sun.awt.windows.WPrinterJob"/>
    <property name="sun.os.patch.level" value=""/>
    <property name="java.library.path" value="D:\JDK\JDK1.8\jre\bin;C:\WINDOWS\Sun\Java\bin;C:\WINDOWS\system32;C:\WINDOWS;D:\JDK\JDK1.8\bin;C:\WINDOWS\system32;C:\WINDOWS;C:\WINDOWS\System32\Wbem;C:\WINDOWS\System32\WindowsPowerShell\v1.0\;C:\WINDOWS\System32\OpenSSH\;D:\TomCat\apache-tomcat-9.0.37\bin;D:\Maven\apache-maven-3.6.3\bin;D:\bandizip\;C:\Program Files (x86)\NVIDIA Corporation\PhysX\Common;C:\Program Files\NVIDIA Corporation\NVIDIA NvDLISR;C:\WINDOWS\system32;C:\WINDOWS;C:\WINDOWS\System32\Wbem;C:\WINDOWS\System32\WindowsPowerShell\v1.0\;C:\WINDOWS\System32\OpenSSH\;D:\Neo4j\neo4j-community-3.5.13-windows-chs-3.0.0\neo4j-community-3.5.13-windows-chs-3.0.0\bin;D:\Node.js;D:\Python\Python3.10.4;D:\Python\Python3.10.4\Scripts;D:\MinGW\bin;D:\TDM-GCC\bin;E:\Anaconda\anaconda3;E:\Anaconda\anaconda3\Scripts;E:\Anaconda\anaconda3\Library\bin;%CUDA_PATH%\bin;D:\Python\Python3.10.4\Scripts\;D:\Python\Python3.10.4\;C:\Users\Long\AppData\Local\Microsoft\WindowsApps;;C:\Users\Long\AppData\Local\Programs\Microsoft VS Code\bin;D:\PyCharm\PyCharm 2022.1.3\bin;;."/>
    <property name="java.vm.info" value="mixed mode"/>
    <property name="java.vendor" value="Oracle Corporation"/>
    <property name="java.vm.version" value="25.281-b09"/>
    <property name="java.ext.dirs" value="D:\JDK\JDK1.8\jre\lib\ext;C:\WINDOWS\Sun\Java\lib\ext"/>
    <property name="sun.io.unicode.encoding" value="UnicodeLittle"/>
    <property name="java.class.version" value="52.0"/>
  </properties>
  <testcase name="shouldAnswerWithTrue" classname="org.example.AppTest" time="0.002"/>
</testsuite>